<?xml version="1.0" encoding="UTF-8"?>
<testsuite xmlns:xsi="http://www.w3.org/2001/XMLSchema-instance" xsi:noNamespaceSchemaLocation="https://maven.apache.org/surefire/maven-surefire-plugin/xsd/surefire-test-report.xsd" name="task.TaskServiceTest" time="0.005" tests="11" errors="0" skipped="0" failures="0">
  <properties>
[...]
</properties>
  <testcase name="testAddMultipleTasks" classname="task.TaskServiceTest" time="0"/>
  <testcase name="testAddTask" classname="task.TaskServiceTest" time="0"/>
  <testcase name="testUpdateTaskName" classname="task.TaskServiceTest" time="0"/>
  <testcase name="testUpdateTaskDescriptionTooLong" classname="task.TaskServiceTest" time="0"/>
  <testcase name="testUpdateTaskDescription" classname="task.TaskServiceTest" time="0"/>
  <testcase name="testUpdateNonExistentTaskName" classname="task.TaskServiceTest" time="0"/>
  <testcase name="testUpdateTaskNameTooLong" classname="task.TaskServiceTest" time="0"/>
  <testcase name="testUpdateNonExistentTaskDescription" classname="task.TaskServiceTest" time="0"/>
  <testcase name="testDeleteTask" classname="task.TaskServiceTest" time="0.001"/>
  <testcase name="testDeleteNonExistentTask" classname="task.TaskServiceTest" time="0.001"/>
  <testcase name="testAddDuplicateTask" classname="task.TaskServiceTest" time="0"/>
</testsuite>